<?xml version="1.0" encoding="UTF-8"?>
<testsuite name="day03.SpiralMemoryTest" tests="8" skipped="0" failures="0" errors="0" timestamp="2017-12-03T20:11:47" hostname="Lifebook" time="0.047">
  <properties/>
  <testcase name="return (2, -1) when input is 10" classname="day03.SpiralMemoryTest" time="0.016"/>
  <testcase name="return (2, -1) when input is 13" classname="day03.SpiralMemoryTest" time="0.0"/>
  <testcase name="return (-1, 0) when input is 6" classname="day03.SpiralMemoryTest" time="0.015"/>
  <testcase name="return (0, 1) when input is 2" classname="day03.SpiralMemoryTest" time="0.0"/>
  <testcase name="return (-1, -1) when input is 7" classname="day03.SpiralMemoryTest" time="0.0"/>
  <testcase name="return (-2, 2) when input is 17" classname="day03.SpiralMemoryTest" time="0.0"/>
  <testcase name="return (1, -2) when input is 11" classname="day03.SpiralMemoryTest" time="0.016"/>
  <testcase name="return (1, -2) when input is 24" classname="day03.SpiralMemoryTest" time="0.0"/>
  <system-out><![CDATA[]]></system-out>
  <system-err><![CDATA[]]></system-err>
</testsuite>
