<?xml version="1.0" encoding="UTF-8"?>
<testsuite name="day1.CaptchaDigitSumTest" tests="8" skipped="0" failures="0" errors="0" timestamp="2017-12-03T16:28:40" hostname="Lifebook" time="0.069">
  <properties/>
  <testcase name="return sum of the digits for 2-elem list of equal digits" classname="day1.CaptchaDigitSumTest" time="0.016"/>
  <testcase name="return 4 when input is 1111" classname="day1.CaptchaDigitSumTest" time="0.0"/>
  <testcase name="return zero for empty list" classname="day1.CaptchaDigitSumTest" time="0.0"/>
  <testcase name="return 9 when input is 91212129" classname="day1.CaptchaDigitSumTest" time="0.016"/>
  <testcase name="return 3 when input is 1122" classname="day1.CaptchaDigitSumTest" time="0.0"/>
  <testcase name="return the digit value for a single element list" classname="day1.CaptchaDigitSumTest" time="0.006"/>
  <testcase name="return 0 when input is 1234" classname="day1.CaptchaDigitSumTest" time="0.0"/>
  <testcase name="return zero for 2-elem list of different digits" classname="day1.CaptchaDigitSumTest" time="0.0"/>
  <system-out><![CDATA[]]></system-out>
  <system-err><![CDATA[]]></system-err>
</testsuite>
